<?xml version="1.0" encoding="UTF-8"?>
<!-- Generated by org.testng.reporters.JUnitXMLReporter -->
<testsuite hostname="HANDHELP-30266" ignored="0" name="Default test" tests="3" failures="0" timestamp="2022-05-12T16:53:17 BRT" time="2.541" errors="0">
  <testcase name="deveAdicionarTarefaComSucesso" time="1.524" classname="br.com.icostalima.tasks.apitest.APITest"/>
  <testcase name="deveRetornarTarefas" time="0.036" classname="br.com.icostalima.tasks.apitest.APITest"/>
  <testcase name="naoDeveAdicionarTarefaInvalida" time="0.606" classname="br.com.icostalima.tasks.apitest.APITest"/>
</testsuite> <!-- Default test -->
